app/build/outputs/mapping/release/seeds.txt
org.matrix.TEESimulator.interception.keystore.shim.KeyMintSecurityLevelInterceptor$Companion$SoftwareGrant
org.matrix.TEESimulator.interception.keystore.LegacyKeygenParameters
org.matrix.TEESimulator.interception.keystore.KeystoreInterceptor
org.matrix.TEESimulator.interception.keystore.InterceptorUtils$ReplyDiagnostic
org.matrix.TEESimulator.interception.keystore.shim.MacPrimitive
org.matrix.TEESimulator.interception.keystore.shim.KeyMintSecurityLevelInterceptor$GeneratedKeyInfo
org.matrix.TEESimulator.interception.keystore.Keystore2MaintenanceInterceptor
org.matrix.TEESimulator.interception.keystore.shim.GeneratedKeyPersistence
org.matrix.TEESimulator.interception.keystore.shim.PersistedKeyData
org.matrix.TEESimulator.interception.keystore.shim.KeyMintSecurityLevelInterceptor$Companion
org.matrix.TEESimulator.interception.keystore.shim.SoftwareOperation
org.matrix.TEESimulator.interception.keystore.shim.AuthorizeCreate
org.matrix.TEESimulator.pki.NativeCertGen
org.matrix.TEESimulator.interception.keystore.shim.KeystoreErrorCodes
org.matrix.TEESimulator.interception.keystore.KeystoreInterceptor$generateKeyHandlers$2$4
org.matrix.TEESimulator.interception.keystore.shim.OperationInterceptor
org.matrix.TEESimulator.interception.keystore.ListEntriesHandler$ListEntriesParams
org.matrix.TEESimulator.interception.keystore.shim.OperationInterceptor$Companion
org.matrix.TEESimulator.interception.keystore.InterceptorUtils
org.matrix.TEESimulator.interception.keystore.ListEntriesHandler
org.matrix.TEESimulator.App
org.matrix.TEESimulator.interception.keystore.KeyIdentifier
org.matrix.TEESimulator.interception.keystore.shim.CryptoPrimitive
org.matrix.TEESimulator.interception.keystore.LegacyKeygenParameters$Companion
org.matrix.TEESimulator.interception.keystore.shim.Verifier
org.matrix.TEESimulator.interception.keystore.shim.CryptoPrimitive$DefaultImpls
org.matrix.TEESimulator.interception.keystore.shim.JcaAlgorithmMapper
org.matrix.TEESimulator.interception.keystore.shim.SoftwareOperationBinder
org.matrix.TEESimulator.interception.keystore.KeystoreInterceptor$generateKeyHandlers$2$3
org.matrix.TEESimulator.interception.keystore.shim.VendorQuirks
org.matrix.TEESimulator.interception.keystore.KeystoreInterceptor$generateKeyHandlers$2$2
org.matrix.TEESimulator.interception.keystore.shim.KeyMintSecurityLevelInterceptor
org.matrix.TEESimulator.pki.CertGenConfig
org.matrix.TEESimulator.interception.keystore.shim.KeyAgreementPrimitive
org.matrix.TEESimulator.interception.keystore.shim.Signer
org.matrix.TEESimulator.interception.keystore.shim.SoftwareOperation$Companion
org.matrix.TEESimulator.interception.keystore.KeystoreInterceptor$generateKeyHandlers$2$1
org.matrix.TEESimulator.interception.keystore.Keystore2Interceptor
org.matrix.TEESimulator.interception.keystore.shim.CipherPrimitive
org.matrix.TEESimulator.interception.keystore.AbstractKeystoreInterceptor
org.matrix.TEESimulator.interception.keystore.shim.KeyMintSecurityLevelInterceptorKt
org.matrix.TEESimulator.interception.keystore.shim.KeyMintSecurityLevelInterceptor: long STRONGBOX_KEYGEN_LATENCY_FLOOR_MS
org.matrix.TEESimulator.interception.keystore.shim.JcaAlgorithmMapper: org.matrix.TEESimulator.interception.keystore.shim.JcaAlgorithmMapper INSTANCE
org.matrix.TEESimulator.interception.keystore.Keystore2MaintenanceInterceptor: int DELETE_ALL_KEYS_TRANSACTION
org.matrix.TEESimulator.interception.keystore.shim.OperationInterceptor: org.matrix.TEESimulator.interception.keystore.shim.OperationInterceptor$Companion Companion
org.matrix.TEESimulator.interception.keystore.shim.PersistedKeyData: int ecCurve
org.matrix.TEESimulator.interception.keystore.InterceptorUtils: long SENTINEL_MODTIME
org.matrix.TEESimulator.interception.keystore.shim.KeystoreErrorCodes: kotlin.Lazy incompatiblePaddingMode$delegate
org.matrix.TEESimulator.interception.keystore.shim.PersistedKeyData: java.util.List purposes
...
org.bouncycastle.jcajce.PKCS12StoreParameter: java.io.OutputStream getOutputStream()
org.bouncycastle.jcajce.provider.asymmetric.SPHINCSPlus$Mappings: void configure(org.bouncycastle.jcajce.provider.config.ConfigurableProvider)
org.bouncycastle.jcajce.provider.symmetric.util.BaseBlockCipher: BaseBlockCipher(org.bouncycastle.crypto.BlockCipher)
org.bouncycastle.jcajce.provider.asymmetric.compositesignatures.SignatureSpi: SignatureSpi(org.bouncycastle.asn1.ASN1ObjectIdentifier,org.bouncycastle.crypto.Digest,boolean)
org.bouncycastle.jcajce.provider.symmetric.RC6$ECB$1: org.bouncycastle.crypto.BlockCipher get()
org.bouncycastle.jcajce.provider.asymmetric.ec.BCECPrivateKey: BCECPrivateKey(java.lang.String,java.security.spec.ECPrivateKeySpec,org.bouncycastle.jcajce.provider.config.ProviderConfiguration)
org.bouncycastle.jcajce.provider.digest.SHA512$DigestT: SHA512$DigestT(int)
org.bouncycastle.jcajce.provider.asymmetric.dstu.KeyFactorySpi: java.security.PrivateKey engineGeneratePrivate(java.security.spec.KeySpec)
org.bouncycastle.jcajce.provider.asymmetric.ec.BCECPrivateKey: org.bouncycastle.asn1.pkcs.PrivateKeyInfo getPrivateKeyInfo()
org.bouncycastle.jcajce.provider.asymmetric.compositesignatures.KeyPairGeneratorSpi$MLDSA44_RSA2048_PKCS15_SHA256: KeyPairGeneratorSpi$MLDSA44_RSA2048_PKCS15_SHA256()
org.bouncycastle.jcajce.provider.asymmetric.rsa.AlgorithmParametersSpi$OAEP: byte[] engineGetEncoded(java.lang.String)
org.bouncycastle.jcajce.provider.digest.DSTU7564$DigestDSTU7564: DSTU7564$DigestDSTU7564(int)
org.bouncycastle.jce.provider.JCEECPrivateKey: java.lang.String getAlgorithm()
org.bouncycastle.jce.provider.JCERSAPublicKey: java.lang.String toString()
org.bouncycastle.jcajce.provider.symmetric.AES$AlgParamsGCM: void engineInit(byte[])
org.bouncycastle.jcajce.provider.symmetric.AES$AlgParams: AES$AlgParams()
org.bouncycastle.jcajce.provider.symmetric.CAST6$Mappings: void configure(org.bouncycastle.jcajce.provider.config.ConfigurableProvider)
org.bouncycastle.jcajce.provider.asymmetric.dstu.BCDSTU4145PublicKey: org.bouncycastle.crypto.params.ECPublicKeyParameters engineGetKeyParameters()
org.bouncycastle.jcajce.provider.asymmetric.x509.X509CRLEntryObject: boolean hasExtensions()
org.bouncycastle.jcajce.provider.digest.DSTU7564$KeyGenerator256: DSTU7564$KeyGenerator256()
org.bouncycastle.jcajce.provider.asymmetric.ecgost.SignatureSpi: void engineSetParameter(java.lang.String,java.lang.Object)
org.bouncycastle.jcajce.provider.drbg.DRBG$HybridEntropySource$SignallingEntropySource: boolean isPredictionResistant()
org.bouncycastle.jcajce.provider.asymmetric.ec.AlgorithmParametersSpi: byte[] engineGetEncoded(java.lang.String)
org.bouncycastle.jce.provider.BouncyCastleProvider: void addAlgorithm(java.lang.String,java.lang.String)
org.bouncycastle.jce.provider.X509CRLEntryObject: int hashCode()
org.bouncycastle.jcajce.provider.symmetric.Blowfish$AlgParams: Blowfish$AlgParams()
org.bouncycastle.jcajce.provider.asymmetric.slhdsa.SLHDSAKeyPairGeneratorSpi$Sha2_128f: SLHDSAKeyPairGeneratorSpi$Sha2_128f()
org.bouncycastle.jcajce.provider.digest.DSTU7564: DSTU7564()
org.bouncycastle.jcajce.provider.asymmetric.gost.BCGOST3410PublicKey: BCGOST3410PublicKey(org.bouncycastle.asn1.x509.SubjectPublicKeyInfo)
org.bouncycastle.jcajce.provider.asymmetric.mlkem.BCMLKEMPrivateKey: java.lang.String getFormat()
org.bouncycastle.jcajce.provider.asymmetric.x509.X509CertificateObject: java.lang.String createSigAlgName(org.bouncycastle.asn1.x509.Certificate)
org.bouncycastle.jcajce.provider.asymmetric.edec.KeyPairGeneratorSpi: java.lang.String getNameFromParams(java.security.spec.AlgorithmParameterSpec)
org.bouncycastle.jcajce.provider.asymmetric.rsa.RSAUtil: java.lang.String generateExponentFingerprint(java.math.BigInteger)
org.bouncycastle.jcajce.provider.asymmetric.mlkem.BCMLKEMPublicKey: byte[] getEncoded()
org.bouncycastle.jcajce.provider.keystore.pkcs12.PKCS12KeyStoreSpi$IgnoresCaseHashtable: PKCS12KeyStoreSpi$IgnoresCaseHashtable()