app/build/outputs/mapping/release/usage.txt
org.matrix.TEESimulator.App:
    private static final long RETRY_DELAY_MS
org.matrix.TEESimulator.BuildConfig
org.matrix.TEESimulator.R
org.matrix.TEESimulator.attestation.AttestationBuilder$Digest:
    public final byte[] component1()
    public final org.matrix.TEESimulator.attestation.AttestationBuilder$Digest copy(byte[])
    public static synthetic org.matrix.TEESimulator.attestation.AttestationBuilder$Digest copy$default(org.matrix.TEESimulator.attestation.AttestationBuilder$Digest,byte[],int,java.lang.Object)
org.matrix.TEESimulator.attestation.AttestationBuilder:
    static synthetic org.bouncycastle.asn1.DERSequence buildSoftwareEnforcedList$default(org.matrix.TEESimulator.attestation.AttestationBuilder,org.matrix.TEESimulator.attestation.KeyMintAttestation,int,int,long,int,java.lang.Object)
org.matrix.TEESimulator.attestation.AttestationConstants:
    public static final int CHALLENGE_LENGTH_LIMIT
    public static final org.matrix.TEESimulator.attestation.AttestationConstants INSTANCE
    public static final int KEY_DESCRIPTION_ATTESTATION_CHALLENGE_INDEX
    public static final int KEY_DESCRIPTION_ATTESTATION_SECURITY_LEVEL_INDEX
    public static final int KEY_DESCRIPTION_ATTESTATION_VERSION_INDEX
    public static final int KEY_DESCRIPTION_KEYMINT_SECURITY_LEVEL_INDEX
    public static final int KEY_DESCRIPTION_KEYMINT_VERSION_INDEX
    public static final int KEY_DESCRIPTION_SOFTWARE_ENFORCED_INDEX
    public static final int KEY_DESCRIPTION_TEE_ENFORCED_INDEX
    public static final int KEY_DESCRIPTION_UNIQUE_ID_INDEX
    public static final int ROOT_OF_TRUST_DEVICE_LOCKED_INDEX
    public static final int ROOT_OF_TRUST_VERIFIED_BOOT_HASH_INDEX
    public static final int ROOT_OF_TRUST_VERIFIED_BOOT_KEY_INDEX
    public static final int ROOT_OF_TRUST_VERIFIED_BOOT_STATE_INDEX
    public static final int TAG_ACTIVE_DATETIME
    public static final int TAG_ALGORITHM
    public static final int TAG_ALLOW_WHILE_ON_BODY
    public static final int TAG_APPLICATION_ID
    public static final int TAG_ATTESTATION_APPLICATION_ID
    public static final int TAG_ATTESTATION_CHALLENGE
    public static final int TAG_ATTESTATION_ID_BRAND
    public static final int TAG_ATTESTATION_ID_DEVICE
    public static final int TAG_ATTESTATION_ID_IMEI
org.matrix.TEESimulator.attestation.AttestationPatcher$ParsedAttestation:
    public final org.matrix.TEESimulator.attestation.AttestationPatcher$ParsedAttestation copy(org.bouncycastle.asn1.ASN1Encodable[],java.util.Map,org.bouncycastle.asn1.ASN1Encodable)
    public static synthetic org.matrix.TEESimulator.attestation.AttestationPatcher$ParsedAttestation copy$default(org.matrix.TEESimulator.attestation.AttestationPatcher$ParsedAttestation,org.bouncycastle.asn1.ASN1Encodable[],java.util.Map,org.bouncycastle.asn1.ASN1Encodable,int,java.lang.Object)
    public final org.bouncycastle.asn1.ASN1Encodable[] getAllFields()
    public final org.bouncycastle.asn1.ASN1Encodable getRootOfTrust()
    public final java.util.Map getTeeEnforcedMap()
org.matrix.TEESimulator.attestation.AttestationPatcher:
    static synthetic java.security.cert.Certificate createPatchedLeafCertificate$default(org.matrix.TEESimulator.attestation.AttestationPatcher,org.bouncycastle.cert.X509CertificateHolder,org.matrix.TEESimulator.attestation.AttestationPatcher$ParsedAttestation,org.matrix.TEESimulator.pki.KeyBox,int,java.util.Date,java.util.Date,int,java.lang.Object)
...
kotlin.jvm.internal.markers.KMutableSet
kotlin.jvm.internal.unsafe.MonitorKt
kotlin.jvm.jdk8.JvmRepeatableKt
kotlin.jvm.optionals.OptionalsKt
kotlin.math.Constants
kotlin.math.MathKt
kotlin.math.MathKt__MathHKt
kotlin.math.MathKt__MathJVMKt
kotlin.math.UMathKt
kotlin.properties.Delegates$observable$1
kotlin.properties.Delegates$vetoable$1
kotlin.properties.Delegates
kotlin.properties.NotNullVar
kotlin.properties.ObservableProperty
kotlin.properties.PropertyDelegateProvider
kotlin.properties.ReadOnlyProperty
kotlin.properties.ReadWriteProperty
kotlin.random.AbstractPlatformRandom
kotlin.random.FallbackThreadLocalRandom$implStorage$1
kotlin.random.FallbackThreadLocalRandom
kotlin.random.KotlinRandom$Companion
kotlin.random.KotlinRandom
kotlin.random.PlatformRandom$Companion
kotlin.random.PlatformRandom
kotlin.random.PlatformRandomKt
kotlin.random.Random$Default$Serialized
kotlin.random.Random$Default
kotlin.random.Random
kotlin.random.RandomKt
kotlin.random.URandomKt
kotlin.random.XorWowRandom$Companion
kotlin.random.XorWowRandom
kotlin.random.jdk8.PlatformThreadLocalRandom
kotlin.ranges.CharProgression$Companion
kotlin.ranges.CharProgression
kotlin.ranges.CharProgressionIterator
kotlin.ranges.CharRange$Companion
kotlin.ranges.CharRange
kotlin.ranges.ClosedDoubleRange
kotlin.ranges.ClosedFloatRange
kotlin.ranges.ClosedFloatingPointRange$DefaultImpls
kotlin.ranges.ClosedFloatingPointRange
kotlin.ranges.ClosedRange$DefaultImpls
kotlin.ranges.ClosedRange
kotlin.ranges.ComparableOpenEndRange
kotlin.ranges.ComparableRange
kotlin.ranges.IntProgressionIterator:
    public final int getStep()
kotlin.ranges.IntRange:
    public boolean contains(int)
    public synthetic bridge boolean contains(java.lang.Comparable)
    public synthetic bridge java.lang.Comparable getEndExclusive()
    public java.lang.Integer getEndExclusive()
    public static synthetic void getEndExclusive$annotations()
    public synthetic bridge java.lang.Comparable getEndInclusive()
    public synthetic bridge java.lang.Comparable getStart()
kotlin.ranges.LongProgression$Companion
kotlin.ranges.LongProgression
kotlin.ranges.LongProgressionIterator
kotlin.ranges.LongRange$Companion
kotlin.ranges.LongRange
kotlin.ranges.OpenEndDoubleRange
kotlin.ranges.OpenEndFloatRange
kotlin.ranges.OpenEndRange$DefaultImpls
kotlin.ranges.OpenEndRange
kotlin.ranges.RangesKt:
    private void <init>()
kotlin.ranges.RangesKt__RangesKt:
    public void <init>()
    public static final void checkStepIsPositive(boolean,java.lang.Number)
    private static final boolean contains(kotlin.ranges.ClosedRange,java.lang.Comparable)
    private static final synthetic boolean contains(kotlin.ranges.ClosedRange,java.lang.Object)
    private static final boolean contains(kotlin.ranges.OpenEndRange,java.lang.Comparable)
    private static final synthetic boolean contains(kotlin.ranges.OpenEndRange,java.lang.Object)
    public static final kotlin.ranges.ClosedFloatingPointRange rangeTo(double,double)
    public static final kotlin.ranges.ClosedFloatingPointRange rangeTo(float,float)
    public static final kotlin.ranges.ClosedRange rangeTo(java.lang.Comparable,java.lang.Comparable)
    public static final kotlin.ranges.OpenEndRange rangeUntil(double,double)
    public static final kotlin.ranges.OpenEndRange rangeUntil(float,float)
    public static final kotlin.ranges.OpenEndRange rangeUntil(java.lang.Comparable,java.lang.Comparable)